<?xml version="1.0" encoding="UTF-8"?>
<testng-results skipped="0" failed="1" ignored="0" retried="3" total="6" passed="2">
  <reporter-output>
  </reporter-output>
  <suite name="Suite" duration-ms="89966" started-at="2020-07-11T13:43:06 IST" finished-at="2020-07-11T13:44:36 IST">
    <groups>
    </groups>
    <test name="SmokeTest" duration-ms="89966" started-at="2020-07-11T13:43:06 IST" finished-at="2020-07-11T13:44:36 IST">
      <class name="com.DemoQATests.HomePageTest">
        <test-method status="PASS" signature="setUpReporter()[pri:0, instance:com.DemoQATests.HomePageTest@1ad8c79]" name="setUpReporter" is-config="true" duration-ms="1012" started-at="2020-07-11T13:43:06 IST" finished-at="2020-07-11T13:43:07 IST">
          <reporter-output>
          </reporter-output>
        </test-method> <!-- setUpReporter -->
        <test-method status="PASS" signature="setupChrome()[pri:0, instance:com.DemoQATests.HomePageTest@1ad8c79]" name="setupChrome" is-config="true" duration-ms="37241" started-at="2020-07-11T13:43:07 IST" finished-at="2020-07-11T13:43:44 IST">
          <reporter-output>
          </reporter-output>
        </test-method> <!-- setupChrome -->
        <test-method status="SKIP" signature="validateListeners()[pri:0, instance:com.DemoQATests.HomePageTest@1ad8c79]" name="validateListeners" duration-ms="515" retried="true" started-at="2020-07-11T13:43:44 IST" finished-at="2020-07-11T13:43:45 IST">
          <exception class="java.lang.AssertionError">
            <message>
              <![CDATA[expected [3] but found [2]]]>
            </message>
            <full-stacktrace>
              <![CDATA[java.lang.AssertionError: expected [3] but found [2]
at org.testng.Assert.fail(Assert.java:97)
at org.testng.Assert.assertEqualsImpl(Assert.java:136)
at org.testng.Assert.assertEquals(Assert.java:118)
at org.testng.Assert.assertEquals(Assert.java:575)
at org.testng.Assert.assertEquals(Assert.java:585)
at com.DemoQATests.HomePageTest.validateListeners(HomePageTest.java:98)
at sun.reflect.NativeMethodAccessorImpl.invoke0(Native Method)
at sun.reflect.NativeMethodAccessorImpl.invoke(NativeMethodAccessorImpl.java:62)
at sun.reflect.DelegatingMethodAccessorImpl.invoke(DelegatingMethodAccessorImpl.java:43)
at java.lang.reflect.Method.invoke(Method.java:498)
at org.testng.internal.MethodInvocationHelper.invokeMethod(MethodInvocationHelper.java:135)
at org.testng.internal.TestInvoker.invokeMethod(TestInvoker.java:598)
at org.testng.internal.TestInvoker.invokeTestMethod(TestInvoker.java:174)
at org.testng.internal.MethodRunner.runInSequence(MethodRunner.java:46)
at org.testng.internal.TestInvoker$MethodInvocationAgent.invoke(TestInvoker.java:821)
at org.testng.internal.TestInvoker.invokeTestMethods(TestInvoker.java:147)
at org.testng.internal.TestMethodWorker.invokeTestMethods(TestMethodWorker.java:146)
at org.testng.internal.TestMethodWorker.run(TestMethodWorker.java:128)
at java.util.ArrayList.forEach(ArrayList.java:1257)
at org.testng.TestRunner.privateRun(TestRunner.java:767)
at org.testng.TestRunner.run(TestRunner.java:588)
at org.testng.SuiteRunner.runTest(SuiteRunner.java:384)
at org.testng.SuiteRunner.runSequentially(SuiteRunner.java:378)
at org.testng.SuiteRunner.privateRun(SuiteRunner.java:337)
at org.testng.SuiteRunner.run(SuiteRunner.java:286)
at org.testng.SuiteRunnerWorker.runSuite(SuiteRunnerWorker.java:53)
at org.testng.SuiteRunnerWorker.run(SuiteRunnerWorker.java:96)
at org.testng.TestNG.runSuitesSequentially(TestNG.java:1214)
at org.testng.TestNG.runSuitesLocally(TestNG.java:1136)
at org.testng.TestNG.runSuites(TestNG.java:1066)
at org.testng.TestNG.run(TestNG.java:1034)
at org.testng.remote.AbstractRemoteTestNG.run(AbstractRemoteTestNG.java:115)
at org.testng.remote.RemoteTestNG.initAndRun(RemoteTestNG.java:251)
at org.testng.remote.RemoteTestNG.main(RemoteTestNG.java:77)
]]>
            </full-stacktrace>
          </exception> <!-- java.lang.AssertionError -->
          <reporter-output>
          </reporter-output>
        </test-method> <!-- validateListeners -->
        <test-method status="PASS" signature="teardown(org.testng.ITestResult)[pri:0, instance:com.DemoQATests.HomePageTest@1ad8c79]" name="teardown" is-config="true" duration-ms="2865" started-at="2020-07-11T13:43:45 IST" finished-at="2020-07-11T13:43:48 IST">
          <params>
            <param index="0">
              <value>
                <![CDATA[[TestResult name=validateListeners status=SKIP method=HomePageTest.validateListeners()[pri:0, instance:com.DemoQATests.HomePageTest@1ad8c79] output={null}]]]>
              </value>
            </param>
          </params>
          <reporter-output>
          </reporter-output>
        </test-method> <!-- teardown -->
        <test-method status="PASS" signature="setupChrome()[pri:0, instance:com.DemoQATests.HomePageTest@1ad8c79]" name="setupChrome" is-config="true" duration-ms="7843" started-at="2020-07-11T13:43:48 IST" finished-at="2020-07-11T13:43:56 IST">
          <reporter-output>
          </reporter-output>
        </test-method> <!-- setupChrome -->
        <test-method status="SKIP" signature="validateListeners()[pri:0, instance:com.DemoQATests.HomePageTest@1ad8c79]" name="validateListeners" duration-ms="1" retried="true" started-at="2020-07-11T13:43:56 IST" finished-at="2020-07-11T13:43:56 IST">
          <exception class="java.lang.AssertionError">
            <message>
              <![CDATA[expected [3] but found [2]]]>
            </message>
            <full-stacktrace>
              <![CDATA[java.lang.AssertionError: expected [3] but found [2]
at org.testng.Assert.fail(Assert.java:97)
at org.testng.Assert.assertEqualsImpl(Assert.java:136)
at org.testng.Assert.assertEquals(Assert.java:118)
at org.testng.Assert.assertEquals(Assert.java:575)
at org.testng.Assert.assertEquals(Assert.java:585)
at com.DemoQATests.HomePageTest.validateListeners(HomePageTest.java:98)
at sun.reflect.NativeMethodAccessorImpl.invoke0(Native Method)
at sun.reflect.NativeMethodAccessorImpl.invoke(NativeMethodAccessorImpl.java:62)
at sun.reflect.DelegatingMethodAccessorImpl.invoke(DelegatingMethodAccessorImpl.java:43)
at java.lang.reflect.Method.invoke(Method.java:498)
at org.testng.internal.MethodInvocationHelper.invokeMethod(MethodInvocationHelper.java:135)
at org.testng.internal.TestInvoker.invokeMethod(TestInvoker.java:598)
at org.testng.internal.TestInvoker.retryFailed(TestInvoker.java:214)
at org.testng.internal.MethodRunner.runInSequence(MethodRunner.java:58)
at org.testng.internal.TestInvoker$MethodInvocationAgent.invoke(TestInvoker.java:821)
at org.testng.internal.TestInvoker.invokeTestMethods(TestInvoker.java:147)
at org.testng.internal.TestMethodWorker.invokeTestMethods(TestMethodWorker.java:146)
at org.testng.internal.TestMethodWorker.run(TestMethodWorker.java:128)
at java.util.ArrayList.forEach(ArrayList.java:1257)
at org.testng.TestRunner.privateRun(TestRunner.java:767)
at org.testng.TestRunner.run(TestRunner.java:588)
at org.testng.SuiteRunner.runTest(SuiteRunner.java:384)
at org.testng.SuiteRunner.runSequentially(SuiteRunner.java:378)
at org.testng.SuiteRunner.privateRun(SuiteRunner.java:337)
at org.testng.SuiteRunner.run(SuiteRunner.java:286)
at org.testng.SuiteRunnerWorker.runSuite(SuiteRunnerWorker.java:53)
at org.testng.SuiteRunnerWorker.run(SuiteRunnerWorker.java:96)
at org.testng.TestNG.runSuitesSequentially(TestNG.java:1214)
at org.testng.TestNG.runSuitesLocally(TestNG.java:1136)
at org.testng.TestNG.runSuites(TestNG.java:1066)
at org.testng.TestNG.run(TestNG.java:1034)
at org.testng.remote.AbstractRemoteTestNG.run(AbstractRemoteTestNG.java:115)
at org.testng.remote.RemoteTestNG.initAndRun(RemoteTestNG.java:251)
at org.testng.remote.RemoteTestNG.main(RemoteTestNG.java:77)
]]>
            </full-stacktrace>
          </exception> <!-- java.lang.AssertionError -->
          <reporter-output>
          </reporter-output>
        </test-method> <!-- validateListeners -->
        <test-method status="PASS" signature="teardown(org.testng.ITestResult)[pri:0, instance:com.DemoQATests.HomePageTest@1ad8c79]" name="teardown" is-config="true" duration-ms="824" started-at="2020-07-11T13:43:56 IST" finished-at="2020-07-11T13:43:57 IST">
          <params>
            <param index="0">
              <value>
                <![CDATA[[TestResult name=validateListeners status=SKIP method=HomePageTest.validateListeners()[pri:0, instance:com.DemoQATests.HomePageTest@1ad8c79] output={null}]]]>
              </value>
            </param>
          </params>
          <reporter-output>
          </reporter-output>
        </test-method> <!-- teardown -->
        <test-method status="PASS" signature="setupChrome()[pri:0, instance:com.DemoQATests.HomePageTest@1ad8c79]" name="setupChrome" is-config="true" duration-ms="6988" started-at="2020-07-11T13:43:57 IST" finished-at="2020-07-11T13:44:04 IST">
          <reporter-output>
          </reporter-output>
        </test-method> <!-- setupChrome -->
        <test-method status="SKIP" signature="validateListeners()[pri:0, instance:com.DemoQATests.HomePageTest@1ad8c79]" name="validateListeners" duration-ms="3" retried="true" started-at="2020-07-11T13:44:04 IST" finished-at="2020-07-11T13:44:04 IST">
          <exception class="java.lang.AssertionError">
            <message>
              <![CDATA[expected [3] but found [2]]]>
            </message>
            <full-stacktrace>
              <![CDATA[java.lang.AssertionError: expected [3] but found [2]
at org.testng.Assert.fail(Assert.java:97)
at org.testng.Assert.assertEqualsImpl(Assert.java:136)
at org.testng.Assert.assertEquals(Assert.java:118)
at org.testng.Assert.assertEquals(Assert.java:575)
at org.testng.Assert.assertEquals(Assert.java:585)
at com.DemoQATests.HomePageTest.validateListeners(HomePageTest.java:98)
at sun.reflect.NativeMethodAccessorImpl.invoke0(Native Method)
at sun.reflect.NativeMethodAccessorImpl.invoke(NativeMethodAccessorImpl.java:62)
at sun.reflect.DelegatingMethodAccessorImpl.invoke(DelegatingMethodAccessorImpl.java:43)
at java.lang.reflect.Method.invoke(Method.java:498)
at org.testng.internal.MethodInvocationHelper.invokeMethod(MethodInvocationHelper.java:135)
at org.testng.internal.TestInvoker.invokeMethod(TestInvoker.java:598)
at org.testng.internal.TestInvoker.retryFailed(TestInvoker.java:214)
at org.testng.internal.MethodRunner.runInSequence(MethodRunner.java:58)
at org.testng.internal.TestInvoker$MethodInvocationAgent.invoke(TestInvoker.java:821)
at org.testng.internal.TestInvoker.invokeTestMethods(TestInvoker.java:147)
at org.testng.internal.TestMethodWorker.invokeTestMethods(TestMethodWorker.java:146)
at org.testng.internal.TestMethodWorker.run(TestMethodWorker.java:128)
at java.util.ArrayList.forEach(ArrayList.java:1257)
at org.testng.TestRunner.privateRun(TestRunner.java:767)
at org.testng.TestRunner.run(TestRunner.java:588)
at org.testng.SuiteRunner.runTest(SuiteRunner.java:384)
at org.testng.SuiteRunner.runSequentially(SuiteRunner.java:378)
at org.testng.SuiteRunner.privateRun(SuiteRunner.java:337)
at org.testng.SuiteRunner.run(SuiteRunner.java:286)
at org.testng.SuiteRunnerWorker.runSuite(SuiteRunnerWorker.java:53)
at org.testng.SuiteRunnerWorker.run(SuiteRunnerWorker.java:96)
at org.testng.TestNG.runSuitesSequentially(TestNG.java:1214)
at org.testng.TestNG.runSuitesLocally(TestNG.java:1136)
at org.testng.TestNG.runSuites(TestNG.java:1066)
at org.testng.TestNG.run(TestNG.java:1034)
at org.testng.remote.AbstractRemoteTestNG.run(AbstractRemoteTestNG.java:115)
at org.testng.remote.RemoteTestNG.initAndRun(RemoteTestNG.java:251)
at org.testng.remote.RemoteTestNG.main(RemoteTestNG.java:77)
]]>
            </full-stacktrace>
          </exception> <!-- java.lang.AssertionError -->
          <reporter-output>
          </reporter-output>
        </test-method> <!-- validateListeners -->
        <test-method status="PASS" signature="teardown(org.testng.ITestResult)[pri:0, instance:com.DemoQATests.HomePageTest@1ad8c79]" name="teardown" is-config="true" duration-ms="986" started-at="2020-07-11T13:44:04 IST" finished-at="2020-07-11T13:44:05 IST">
          <params>
            <param index="0">
              <value>
                <![CDATA[[TestResult name=validateListeners status=SKIP method=HomePageTest.validateListeners()[pri:0, instance:com.DemoQATests.HomePageTest@1ad8c79] output={null}]]]>
              </value>
            </param>
          </params>
          <reporter-output>
          </reporter-output>
        </test-method> <!-- teardown -->
        <test-method status="PASS" signature="setupChrome()[pri:0, instance:com.DemoQATests.HomePageTest@1ad8c79]" name="setupChrome" is-config="true" duration-ms="7170" started-at="2020-07-11T13:44:05 IST" finished-at="2020-07-11T13:44:12 IST">
          <reporter-output>
          </reporter-output>
        </test-method> <!-- setupChrome -->
        <test-method status="FAIL" signature="validateListeners()[pri:0, instance:com.DemoQATests.HomePageTest@1ad8c79]" name="validateListeners" duration-ms="3" started-at="2020-07-11T13:44:12 IST" finished-at="2020-07-11T13:44:12 IST">
          <exception class="java.lang.AssertionError">
            <message>
              <![CDATA[expected [3] but found [2]]]>
            </message>
            <full-stacktrace>
              <![CDATA[java.lang.AssertionError: expected [3] but found [2]
at org.testng.Assert.fail(Assert.java:97)
at org.testng.Assert.assertEqualsImpl(Assert.java:136)
at org.testng.Assert.assertEquals(Assert.java:118)
at org.testng.Assert.assertEquals(Assert.java:575)
at org.testng.Assert.assertEquals(Assert.java:585)
at com.DemoQATests.HomePageTest.validateListeners(HomePageTest.java:98)
at sun.reflect.NativeMethodAccessorImpl.invoke0(Native Method)
at sun.reflect.NativeMethodAccessorImpl.invoke(NativeMethodAccessorImpl.java:62)
at sun.reflect.DelegatingMethodAccessorImpl.invoke(DelegatingMethodAccessorImpl.java:43)
at java.lang.reflect.Method.invoke(Method.java:498)
at org.testng.internal.MethodInvocationHelper.invokeMethod(MethodInvocationHelper.java:135)
at org.testng.internal.TestInvoker.invokeMethod(TestInvoker.java:598)
at org.testng.internal.TestInvoker.retryFailed(TestInvoker.java:214)
at org.testng.internal.MethodRunner.runInSequence(MethodRunner.java:58)
at org.testng.internal.TestInvoker$MethodInvocationAgent.invoke(TestInvoker.java:821)
at org.testng.internal.TestInvoker.invokeTestMethods(TestInvoker.java:147)
at org.testng.internal.TestMethodWorker.invokeTestMethods(TestMethodWorker.java:146)
at org.testng.internal.TestMethodWorker.run(TestMethodWorker.java:128)
at java.util.ArrayList.forEach(ArrayList.java:1257)
at org.testng.TestRunner.privateRun(TestRunner.java:767)
at org.testng.TestRunner.run(TestRunner.java:588)
at org.testng.SuiteRunner.runTest(SuiteRunner.java:384)
at org.testng.SuiteRunner.runSequentially(SuiteRunner.java:378)
at org.testng.SuiteRunner.privateRun(SuiteRunner.java:337)
at org.testng.SuiteRunner.run(SuiteRunner.java:286)
at org.testng.SuiteRunnerWorker.runSuite(SuiteRunnerWorker.java:53)
at org.testng.SuiteRunnerWorker.run(SuiteRunnerWorker.java:96)
at org.testng.TestNG.runSuitesSequentially(TestNG.java:1214)
at org.testng.TestNG.runSuitesLocally(TestNG.java:1136)
at org.testng.TestNG.runSuites(TestNG.java:1066)
at org.testng.TestNG.run(TestNG.java:1034)
at org.testng.remote.AbstractRemoteTestNG.run(AbstractRemoteTestNG.java:115)
at org.testng.remote.RemoteTestNG.initAndRun(RemoteTestNG.java:251)
at org.testng.remote.RemoteTestNG.main(RemoteTestNG.java:77)
]]>
            </full-stacktrace>
          </exception> <!-- java.lang.AssertionError -->
          <reporter-output>
          </reporter-output>
        </test-method> <!-- validateListeners -->
        <test-method status="PASS" signature="teardown(org.testng.ITestResult)[pri:0, instance:com.DemoQATests.HomePageTest@1ad8c79]" name="teardown" is-config="true" duration-ms="1845" started-at="2020-07-11T13:44:12 IST" finished-at="2020-07-11T13:44:14 IST">
          <params>
            <param index="0">
              <value>
                <![CDATA[[TestResult name=validateListeners status=FAILURE method=HomePageTest.validateListeners()[pri:0, instance:com.DemoQATests.HomePageTest@1ad8c79] output={null}]]]>
              </value>
            </param>
          </params>
          <reporter-output>
          </reporter-output>
        </test-method> <!-- teardown -->
        <test-method status="PASS" signature="setupChrome()[pri:0, instance:com.DemoQATests.HomePageTest@1ad8c79]" name="setupChrome" is-config="true" duration-ms="7866" started-at="2020-07-11T13:44:14 IST" finished-at="2020-07-11T13:44:22 IST">
          <reporter-output>
          </reporter-output>
        </test-method> <!-- setupChrome -->
        <test-method status="PASS" signature="validateDropDownOptions()[pri:1, instance:com.DemoQATests.HomePageTest@1ad8c79]" name="validateDropDownOptions" duration-ms="3770" started-at="2020-07-11T13:44:22 IST" finished-at="2020-07-11T13:44:26 IST">
          <reporter-output>
          </reporter-output>
        </test-method> <!-- validateDropDownOptions -->
        <test-method status="PASS" signature="teardown(org.testng.ITestResult)[pri:0, instance:com.DemoQATests.HomePageTest@1ad8c79]" name="teardown" is-config="true" duration-ms="1507" started-at="2020-07-11T13:44:26 IST" finished-at="2020-07-11T13:44:27 IST">
          <params>
            <param index="0">
              <value>
                <![CDATA[[TestResult name=validateDropDownOptions status=SUCCESS method=HomePageTest.validateDropDownOptions()[pri:1, instance:com.DemoQATests.HomePageTest@1ad8c79] output={null}]]]>
              </value>
            </param>
          </params>
          <reporter-output>
          </reporter-output>
        </test-method> <!-- teardown -->
        <test-method status="PASS" signature="setupChrome()[pri:0, instance:com.DemoQATests.HomePageTest@1ad8c79]" name="setupChrome" is-config="true" duration-ms="7161" started-at="2020-07-11T13:44:27 IST" finished-at="2020-07-11T13:44:34 IST">
          <reporter-output>
          </reporter-output>
        </test-method> <!-- setupChrome -->
        <test-method status="PASS" signature="getCookies()[pri:2, instance:com.DemoQATests.HomePageTest@1ad8c79]" name="getCookies" duration-ms="101" started-at="2020-07-11T13:44:34 IST" finished-at="2020-07-11T13:44:34 IST">
          <reporter-output>
          </reporter-output>
        </test-method> <!-- getCookies -->
        <test-method status="PASS" signature="teardown(org.testng.ITestResult)[pri:0, instance:com.DemoQATests.HomePageTest@1ad8c79]" name="teardown" is-config="true" duration-ms="901" started-at="2020-07-11T13:44:34 IST" finished-at="2020-07-11T13:44:35 IST">
          <params>
            <param index="0">
              <value>
                <![CDATA[[TestResult name=getCookies status=SUCCESS method=HomePageTest.getCookies()[pri:2, instance:com.DemoQATests.HomePageTest@1ad8c79] output={null}]]]>
              </value>
            </param>
          </params>
          <reporter-output>
          </reporter-output>
        </test-method> <!-- teardown -->
        <test-method status="PASS" signature="tearDownReporter()[pri:0, instance:com.DemoQATests.HomePageTest@1ad8c79]" name="tearDownReporter" is-config="true" duration-ms="774" started-at="2020-07-11T13:44:35 IST" finished-at="2020-07-11T13:44:36 IST">
          <reporter-output>
          </reporter-output>
        </test-method> <!-- tearDownReporter -->
      </class> <!-- com.DemoQATests.HomePageTest -->
    </test> <!-- SmokeTest -->
  </suite> <!-- Suite -->
</testng-results>
